This is pdfTeX, Version 3.14159265-2.6-1.40.17 (MiKTeX 2.9.6210 64-bit) (preloaded format=pdflatex 2017.3.24)  30 SEP 2017 16:48
entering extended mode
**"./Lenguaje en Racket.tex"
("Lenguaje en Racket.tex"
LaTeX2e <2017/01/01> patch level 1
Babel <3.9r> and hyphenation patterns for 75 language(s) loaded.
("C:\Program Files\MiKTeX 2.9\tex\latex\base\article.cls"
Document Class: article 2014/09/29 v1.4h Standard LaTeX document class
("C:\Program Files\MiKTeX 2.9\tex\latex\base\size11.clo"
File: size11.clo 2014/09/29 v1.4h Standard LaTeX file (size option)
)
\c@part=\count79
\c@section=\count80
\c@subsection=\count81
\c@subsubsection=\count82
\c@paragraph=\count83
\c@subparagraph=\count84
\c@figure=\count85
\c@table=\count86
\abovecaptionskip=\skip41
\belowcaptionskip=\skip42
\bibindent=\dimen102
)
("C:\Program Files\MiKTeX 2.9\tex\latex\base\inputenc.sty"
Package: inputenc 2015/03/17 v1.2c Input encoding file
\inpenc@prehook=\toks14
\inpenc@posthook=\toks15

("C:\Program Files\MiKTeX 2.9\tex\latex\base\latin1.def"
File: latin1.def 2015/03/17 v1.2c Input encoding file
))
("C:\Program Files\MiKTeX 2.9\tex\generic\babel\babel.sty"
Package: babel 2016/04/23 3.9r The Babel package

*************************************
* Local config file bblopts.cfg used
*
("C:\Program Files\MiKTeX 2.9\tex\latex\arabi\bblopts.cfg"
File: bblopts.cfg 2005/09/08 v0.1 add Arabic and Farsi to "declared" options of
 babel
)
("C:\Program Files\MiKTeX 2.9\tex\latex\babel-spanish\spanish.ldf"
Language: spanish.ldf 2016/03/03 v5.0p Spanish support from the babel system

("C:\Program Files\MiKTeX 2.9\tex\generic\babel\babel.def"
File: babel.def 2016/04/23 3.9r Babel common definitions
\babel@savecnt=\count87
\U@D=\dimen103
)
\es@quottoks=\toks16
\es@quotdepth=\count88
Package babel Info: Making " an active character on input line 561.
Package babel Info: Making . an active character on input line 662.
Package babel Info: Making < an active character on input line 707.
Package babel Info: Making > an active character on input line 707.
))
("C:\Program Files\MiKTeX 2.9\tex\latex\amsmath\amsmath.sty"
Package: amsmath 2016/11/05 v2.16a AMS math features
\@mathmargin=\skip43

For additional information on amsmath, use the `?' option.
("C:\Program Files\MiKTeX 2.9\tex\latex\amsmath\amstext.sty"
Package: amstext 2000/06/29 v2.01 AMS text

("C:\Program Files\MiKTeX 2.9\tex\latex\amsmath\amsgen.sty"
File: amsgen.sty 1999/11/30 v2.0 generic functions
\@emptytoks=\toks17
\ex@=\dimen104
))
("C:\Program Files\MiKTeX 2.9\tex\latex\amsmath\amsbsy.sty"
Package: amsbsy 1999/11/29 v1.2d Bold Symbols
\pmbraise@=\dimen105
)
("C:\Program Files\MiKTeX 2.9\tex\latex\amsmath\amsopn.sty"
Package: amsopn 2016/03/08 v2.02 operator names
)
\inf@bad=\count89
LaTeX Info: Redefining \frac on input line 213.
\uproot@=\count90
\leftroot@=\count91
LaTeX Info: Redefining \overline on input line 375.
\classnum@=\count92
\DOTSCASE@=\count93
LaTeX Info: Redefining \ldots on input line 472.
LaTeX Info: Redefining \dots on input line 475.
LaTeX Info: Redefining \cdots on input line 596.
\Mathstrutbox@=\box26
\strutbox@=\box27
\big@size=\dimen106
LaTeX Font Info:    Redeclaring font encoding OML on input line 712.
LaTeX Font Info:    Redeclaring font encoding OMS on input line 713.
\macc@depth=\count94
\c@MaxMatrixCols=\count95
\dotsspace@=\muskip10
\c@parentequation=\count96
\dspbrk@lvl=\count97
\tag@help=\toks18
\row@=\count98
\column@=\count99
\maxfields@=\count100
\andhelp@=\toks19
\eqnshift@=\dimen107
\alignsep@=\dimen108
\tagshift@=\dimen109
\tagwidth@=\dimen110
\totwidth@=\dimen111
\lineht@=\dimen112
\@envbody=\toks20
\multlinegap=\skip44
\multlinetaggap=\skip45
\mathdisplay@stack=\toks21
LaTeX Info: Redefining \[ on input line 2817.
LaTeX Info: Redefining \] on input line 2818.
)
("C:\Program Files\MiKTeX 2.9\tex\latex\amsfonts\amsfonts.sty"
Package: amsfonts 2013/01/14 v3.01 Basic AMSFonts support
\symAMSa=\mathgroup4
\symAMSb=\mathgroup5
LaTeX Font Info:    Overwriting math alphabet `\mathfrak' in version `bold'
(Font)                  U/euf/m/n --> U/euf/b/n on input line 106.
)
("C:\Program Files\MiKTeX 2.9\tex\latex\amsfonts\amssymb.sty"
Package: amssymb 2013/01/14 v3.01 AMS font symbols
)
("C:\Program Files\MiKTeX 2.9\tex\latex\graphics\graphicx.sty"
Package: graphicx 2014/10/28 v1.0g Enhanced LaTeX Graphics (DPC,SPQR)

("C:\Program Files\MiKTeX 2.9\tex\latex\graphics\keyval.sty"
Package: keyval 2014/10/28 v1.15 key=value parser (DPC)
\KV@toks@=\toks22
)
("C:\Program Files\MiKTeX 2.9\tex\latex\graphics\graphics.sty"
Package: graphics 2016/10/09 v1.0u Standard LaTeX Graphics (DPC,SPQR)

("C:\Program Files\MiKTeX 2.9\tex\latex\graphics\trig.sty"
Package: trig 2016/01/03 v1.10 sin cos tan (DPC)
)
("C:\Program Files\MiKTeX 2.9\tex\latex\graphics-cfg\graphics.cfg"
File: graphics.cfg 2016/06/04 v1.11 sample graphics configuration
)
Package graphics Info: Driver file: pdftex.def on input line 99.

("C:\Program Files\MiKTeX 2.9\tex\latex\graphics-def\pdftex.def"
File: pdftex.def 2017/01/12 v0.06k Graphics/color for pdfTeX

("C:\Program Files\MiKTeX 2.9\tex\generic\oberdiek\infwarerr.sty"
Package: infwarerr 2016/05/16 v1.4 Providing info/warning/error messages (HO)
)
("C:\Program Files\MiKTeX 2.9\tex\generic\oberdiek\ltxcmds.sty"
Package: ltxcmds 2016/05/16 v1.23 LaTeX kernel commands for general use (HO)
)
\Gread@gobject=\count101
))
\Gin@req@height=\dimen113
\Gin@req@width=\dimen114
)
("C:\Program Files\MiKTeX 2.9\tex\latex\tools\enumerate.sty"
Package: enumerate 2015/07/23 v3.00 enumerate extensions (DPC)
\@enLab=\toks23
)
("C:\Program Files\MiKTeX 2.9\tex\latex\geometry\geometry.sty"
Package: geometry 2010/09/12 v5.6 Page Geometry

("C:\Program Files\MiKTeX 2.9\tex\generic\oberdiek\ifpdf.sty"
Package: ifpdf 2016/05/14 v3.1 Provides the ifpdf switch
)
("C:\Program Files\MiKTeX 2.9\tex\generic\oberdiek\ifvtex.sty"
Package: ifvtex 2016/05/16 v1.6 Detect VTeX and its facilities (HO)
Package ifvtex Info: VTeX not detected.
)
("C:\Program Files\MiKTeX 2.9\tex\generic\ifxetex\ifxetex.sty"
Package: ifxetex 2010/09/12 v0.6 Provides ifxetex conditional
)
\Gm@cnth=\count102
\Gm@cntv=\count103
\c@Gm@tempcnt=\count104
\Gm@bindingoffset=\dimen115
\Gm@wd@mp=\dimen116
\Gm@odd@mp=\dimen117
\Gm@even@mp=\dimen118
\Gm@layoutwidth=\dimen119
\Gm@layoutheight=\dimen120
\Gm@layouthoffset=\dimen121
\Gm@layoutvoffset=\dimen122
\Gm@dimlist=\toks24

("C:\Program Files\MiKTeX 2.9\tex\latex\geometry\geometry.cfg"))
("Lenguaje en Racket.aux"
LaTeX Info: Redefining \. on input line 6.
LaTeX Info: Redefining \% on input line 6.
)
\openout1 = `"Lenguaje en Racket.aux"'.

LaTeX Font Info:    Checking defaults for OML/cmm/m/it on input line 16.
LaTeX Font Info:    ... okay on input line 16.
LaTeX Font Info:    Checking defaults for T1/cmr/m/n on input line 16.
LaTeX Font Info:    ... okay on input line 16.
LaTeX Font Info:    Checking defaults for OT1/cmr/m/n on input line 16.
LaTeX Font Info:    ... okay on input line 16.
LaTeX Font Info:    Checking defaults for OMS/cmsy/m/n on input line 16.
LaTeX Font Info:    ... okay on input line 16.
LaTeX Font Info:    Checking defaults for OMX/cmex/m/n on input line 16.
LaTeX Font Info:    ... okay on input line 16.
LaTeX Font Info:    Checking defaults for U/cmr/m/n on input line 16.
LaTeX Font Info:    ... okay on input line 16.
LaTeX Info: Redefining \. on input line 16.
LaTeX Info: Redefining \% on input line 16.

("C:\Program Files\MiKTeX 2.9\tex\context\base\supp-pdf.mkii"
[Loading MPS to PDF converter (version 2006.09.02).]
\scratchcounter=\count105
\scratchdimen=\dimen123
\scratchbox=\box28
\nofMPsegments=\count106
\nofMParguments=\count107
\everyMPshowfont=\toks25
\MPscratchCnt=\count108
\MPscratchDim=\dimen124
\MPnumerator=\count109
\makeMPintoPDFobject=\count110
\everyMPtoPDFconversion=\toks26
) ("C:\Program Files\MiKTeX 2.9\tex\generic\oberdiek\pdftexcmds.sty"
Package: pdftexcmds 2016/05/21 v0.22 Utility functions of pdfTeX for LuaTeX (HO
)

("C:\Program Files\MiKTeX 2.9\tex\generic\oberdiek\ifluatex.sty"
Package: ifluatex 2016/05/16 v1.4 Provides the ifluatex switch (HO)
Package ifluatex Info: LuaTeX not detected.
)
Package pdftexcmds Info: LuaTeX not detected.
Package pdftexcmds Info: \pdf@primitive is available.
Package pdftexcmds Info: \pdf@ifprimitive is available.
Package pdftexcmds Info: \pdfdraftmode found.
)
("C:\Program Files\MiKTeX 2.9\tex\latex\oberdiek\epstopdf-base.sty"
Package: epstopdf-base 2016/05/15 v2.6 Base part for package epstopdf

("C:\Program Files\MiKTeX 2.9\tex\latex\oberdiek\grfext.sty"
Package: grfext 2016/05/16 v1.2 Manage graphics extensions (HO)

("C:\Program Files\MiKTeX 2.9\tex\generic\oberdiek\kvdefinekeys.sty"
Package: kvdefinekeys 2016/05/16 v1.4 Define keys (HO)
))
("C:\Program Files\MiKTeX 2.9\tex\latex\oberdiek\kvoptions.sty"
Package: kvoptions 2016/05/16 v3.12 Key value format for package options (HO)

("C:\Program Files\MiKTeX 2.9\tex\generic\oberdiek\kvsetkeys.sty"
Package: kvsetkeys 2016/05/16 v1.17 Key value parser (HO)

("C:\Program Files\MiKTeX 2.9\tex\generic\oberdiek\etexcmds.sty"
Package: etexcmds 2016/05/16 v1.6 Avoid name clashes with e-TeX commands (HO)
Package etexcmds Info: Could not find \expanded.
(etexcmds)             That can mean that you are not using pdfTeX 1.50 or
(etexcmds)             that some package has redefined \expanded.
(etexcmds)             In the latter case, load this package earlier.
)))
Package epstopdf-base Info: Redefining graphics rule for `.eps' on input line 4
38.
Package grfext Info: Graphics extension search list:
(grfext)             [.png,.pdf,.jpg,.mps,.jpeg,.jbig2,.jb2,.PNG,.PDF,.JPG,.JPE
G,.JBIG2,.JB2,.eps]
(grfext)             \AppendGraphicsExtensions on input line 456.
)
*geometry* driver: auto-detecting
*geometry* detected driver: pdftex
*geometry* verbose mode - [ preamble ] result:
* driver: pdftex
* paper: letterpaper
* layout: <same size as paper>
* layoutoffset:(h,v)=(0.0pt,0.0pt)
* modes: 
* h-part:(L,W,R)=(56.9055pt, 500.484pt, 56.9055pt)
* v-part:(T,H,B)=(56.9055pt, 681.15898pt, 56.9055pt)
* \paperwidth=614.295pt
* \paperheight=794.96999pt
* \textwidth=500.484pt
* \textheight=681.15898pt
* \oddsidemargin=-15.36449pt
* \evensidemargin=-15.36449pt
* \topmargin=-52.36449pt
* \headheight=12.0pt
* \headsep=25.0pt
* \topskip=11.0pt
* \footskip=30.0pt
* \marginparwidth=59.0pt
* \marginparsep=10.0pt
* \columnsep=10.0pt
* \skip\footins=10.0pt plus 4.0pt minus 2.0pt
* \hoffset=0.0pt
* \voffset=0.0pt
* \mag=1000
* \@twocolumnfalse
* \@twosidefalse
* \@mparswitchfalse
* \@reversemarginfalse
* (1in=72.27pt=25.4mm, 1cm=28.453pt)

LaTeX Font Info:    Try loading font information for U+msa on input line 17.
("C:\Program Files\MiKTeX 2.9\tex\latex\amsfonts\umsa.fd"
File: umsa.fd 2013/01/14 v3.01 AMS symbols A
)
LaTeX Font Info:    Try loading font information for U+msb on input line 17.

("C:\Program Files\MiKTeX 2.9\tex\latex\amsfonts\umsb.fd"
File: umsb.fd 2013/01/14 v3.01 AMS symbols B
)
Underfull \hbox (badness 10000) in paragraph at lines 20--23

 []


Underfull \hbox (badness 10000) in paragraph at lines 28--33

 []


Underfull \hbox (badness 10000) in paragraph at lines 28--33

 []

[1

{C:/ProgramData/MiKTeX/2.9/pdftex/config/pdftex.map}]
Underfull \hbox (badness 10000) in paragraph at lines 62--65

 []

<imagenes/002.png, id=9, 120.45pt x 73.77562pt>
File: imagenes/002.png Graphic file (type png)
 <use imagenes/002.png>
Package pdftex.def Info: imagenes/002.png used on input line 81.
(pdftex.def)             Requested size: 113.81102pt x 69.71155pt.

Underfull \hbox (badness 10000) in paragraph at lines 67--83

 []


Underfull \hbox (badness 10000) in paragraph at lines 67--83

 []


Underfull \hbox (badness 10000) in paragraph at lines 67--83

 []


Underfull \hbox (badness 10000) in paragraph at lines 67--83

 []


Underfull \hbox (badness 10000) in paragraph at lines 67--83

 []


Underfull \hbox (badness 10000) in paragraph at lines 67--83

 []

[2] <imagenes/003.png, id=15, 256.70906pt x 29.35968pt>
File: imagenes/003.png Graphic file (type png)
 <use imagenes/003.png>
Package pdftex.def Info: imagenes/003.png used on input line 104.
(pdftex.def)             Requested size: 256.0748pt x 29.28925pt.

Underfull \hbox (badness 10000) in paragraph at lines 85--106

 []


Underfull \hbox (badness 10000) in paragraph at lines 85--106

 []


Underfull \hbox (badness 10000) in paragraph at lines 85--106

 []


Underfull \hbox (badness 10000) in paragraph at lines 85--106

 []


Underfull \hbox (badness 10000) in paragraph at lines 85--106

 []


Underfull \hbox (badness 10000) in paragraph at lines 85--106

 []


Underfull \hbox (badness 10000) in paragraph at lines 85--106

 []


Underfull \hbox (badness 10000) in paragraph at lines 85--106

 []

<imagenes/005.png, id=16, 116.68594pt x 98.61844pt>
File: imagenes/005.png Graphic file (type png)
 <use imagenes/005.png>
Package pdftex.def Info: imagenes/005.png used on input line 119.
(pdftex.def)             Requested size: 113.81102pt x 96.19244pt.

Underfull \hbox (badness 10000) in paragraph at lines 112--121

 []


Underfull \hbox (badness 10000) in paragraph at lines 112--121

 []


Underfull \hbox (badness 10000) in paragraph at lines 112--121

 []


Underfull \hbox (badness 10000) in paragraph at lines 112--121

 []


Underfull \hbox (badness 10000) in paragraph at lines 112--121

 []

[3 <./imagenes/002.png> <./imagenes/003.png>]
<imagenes/004.png, id=20, 256.70906pt x 25.59563pt>
File: imagenes/004.png Graphic file (type png)
 <use imagenes/004.png>
Package pdftex.def Info: imagenes/004.png used on input line 127.
(pdftex.def)             Requested size: 256.0748pt x 25.53423pt.

Underfull \hbox (badness 10000) in paragraph at lines 122--129

 []


Underfull \hbox (badness 10000) in paragraph at lines 132--135

 []

<imagenes/007.png, id=21, 304.88907pt x 27.10126pt>
File: imagenes/007.png Graphic file (type png)
 <use imagenes/007.png>
Package pdftex.def Info: imagenes/007.png used on input line 142.
(pdftex.def)             Requested size: 304.88832pt x 27.10118pt.

Underfull \hbox (badness 10000) in paragraph at lines 137--144

 []

<imagenes/008.png, id=22, 165.61874pt x 24.09pt>
File: imagenes/008.png Graphic file (type png)
 <use imagenes/008.png>
Package pdftex.def Info: imagenes/008.png used on input line 156.
(pdftex.def)             Requested size: 165.61833pt x 24.08992pt.

Underfull \hbox (badness 10000) in paragraph at lines 145--158

 []


Underfull \hbox (badness 10000) in paragraph at lines 145--158

 []


Underfull \hbox (badness 10000) in paragraph at lines 145--158

 []


Underfull \hbox (badness 10000) in paragraph at lines 145--158

 []


Underfull \hbox (badness 10000) in paragraph at lines 145--158

 []


Underfull \hbox (badness 10000) in paragraph at lines 145--158

 []


Underfull \hbox (badness 10000) in paragraph at lines 145--158

 []


Underfull \hbox (badness 10000) in paragraph at lines 145--158

 []


Underfull \hbox (badness 10000) in paragraph at lines 145--158

 []


Underfull \hbox (badness 10000) in paragraph at lines 145--158

 []


Underfull \hbox (badness 10000) in paragraph at lines 145--158

 []


Underfull \hbox (badness 10000) in paragraph at lines 145--158

 []

[4 <./imagenes/005.png> <./imagenes/004.png> <./imagenes/007.png>]
<imagenes/009.png, id=26, 313.9228pt x 26.34843pt>
File: imagenes/009.png Graphic file (type png)
 <use imagenes/009.png>
Package pdftex.def Info: imagenes/009.png used on input line 164.
(pdftex.def)             Requested size: 313.92203pt x 26.34836pt.

Underfull \hbox (badness 10000) in paragraph at lines 159--166

 []

<imagenes/010.png, id=27, 113.67468pt x 25.59563pt>
File: imagenes/010.png Graphic file (type png)
 <use imagenes/010.png>
Package pdftex.def Info: imagenes/010.png used on input line 172.
(pdftex.def)             Requested size: 113.6744pt x 25.59555pt.

Underfull \hbox (badness 10000) in paragraph at lines 167--174

 []


Underfull \hbox (badness 10000) in paragraph at lines 177--180

 []

! You can't use `macro parameter character #' in math mode.
l.188 $(define (star? x) (if (equal? #
                                      f (equal? (cdr x) null )) (if(equal? (...
Sorry, but I'm not programmed to handle this case;
I'll just pretend that you didn't ask for it.
If you're in the wrong mode, you might be able to
return to the right one by typing `I}' or `I$' or `I\par'.


LaTeX Warning: Command \' invalid in math mode on input line 188.

! Please use \mathaccent for accents in math mode.
\add@accent ...@spacefactor \spacefactor }\accent 
                                                  #1 #2\egroup \spacefactor ...
l.188 ... x)))) (star? (list* (cdr x))) "No" ) "Sí
                                                  " ) )$
I'm changing \accent to \mathaccent here; wish me luck.
(Accents are not the same in formulas as they are in text.)

! Missing { inserted.
<to be read again> 
                   \begingroup 
l.188 ... x)))) (star? (list* (cdr x))) "No" ) "Sí
                                                  " ) )$
A left brace was mandatory here, so I've put one in.
You might want to delete and/or insert some corrections
so that I will find a matching right brace soon.
(If you're confused by all this, try typing `I}' now.)


LaTeX Warning: Command \i invalid in math mode on input line 188.

! You can't use `\spacefactor' in math mode.
\add@accent ...}\accent #1 #2\egroup \spacefactor 
                                                  \accent@spacefactor 
l.188 ... x)))) (star? (list* (cdr x))) "No" ) "Sí
                                                  " ) )$
Sorry, but I'm not programmed to handle this case;
I'll just pretend that you didn't ask for it.
If you're in the wrong mode, you might be able to
return to the right one by typing `I}' or `I$' or `I\par'.

! Missing } inserted.
<inserted text> 
                }
l.188 ... (star? (list* (cdr x))) "No" ) "Sí" ) )$
                                                  
I've inserted something that you may have forgotten.
(See the <inserted text> above.)
With luck, this will get me unwedged. But if you
really didn't forget anything, try typing `2' now; then
my insertion and my current dilemma will both disappear.

Missing character: There is no è in font cmex10!

Underfull \hbox (badness 10000) in paragraph at lines 182--189

 []


Underfull \hbox (badness 10000) in paragraph at lines 182--189

 []


Underfull \hbox (badness 10000) in paragraph at lines 182--189

 []

! You can't use `macro parameter character #' in math mode.
l.196 $(define (circ? x) (if (equal? #
                                      t (equal? (car (car x)) (cdr (last x))...
Sorry, but I'm not programmed to handle this case;
I'll just pretend that you didn't ask for it.
If you're in the wrong mode, you might be able to
return to the right one by typing `I}' or `I$' or `I\par'.

! You can't use `macro parameter character #' in math mode.
l.198 $(define (proceso x) (if (equal? #
                                        f (equal? (cdr x) null)) (if(equal? ...
Sorry, but I'm not programmed to handle this case;
I'll just pretend that you didn't ask for it.
If you're in the wrong mode, you might be able to
return to the right one by typing `I}' or `I$' or `I\par'.


LaTeX Warning: Command \' invalid in math mode on input line 198.

! Please use \mathaccent for accents in math mode.
\add@accent ...@spacefactor \spacefactor }\accent 
                                                  #1 #2\egroup \spacefactor ...
l.198 ...)))) (proceso (list* (cdr x))) "No" ) "Sí
                                                  "))$
I'm changing \accent to \mathaccent here; wish me luck.
(Accents are not the same in formulas as they are in text.)

! Missing { inserted.
<to be read again> 
                   \begingroup 
l.198 ...)))) (proceso (list* (cdr x))) "No" ) "Sí
                                                  "))$
A left brace was mandatory here, so I've put one in.
You might want to delete and/or insert some corrections
so that I will find a matching right brace soon.
(If you're confused by all this, try typing `I}' now.)


LaTeX Warning: Command \i invalid in math mode on input line 198.

! You can't use `\spacefactor' in math mode.
\add@accent ...}\accent #1 #2\egroup \spacefactor 
                                                  \accent@spacefactor 
l.198 ...)))) (proceso (list* (cdr x))) "No" ) "Sí
                                                  "))$
Sorry, but I'm not programmed to handle this case;
I'll just pretend that you didn't ask for it.
If you're in the wrong mode, you might be able to
return to the right one by typing `I}' or `I$' or `I\par'.

! Missing } inserted.
<inserted text> 
                }
l.198 ... (proceso (list* (cdr x))) "No" ) "Sí"))$
                                                  
I've inserted something that you may have forgotten.
(See the <inserted text> above.)
With luck, this will get me unwedged. But if you
really didn't forget anything, try typing `2' now; then
my insertion and my current dilemma will both disappear.

Missing character: There is no è in font cmex10!

Underfull \hbox (badness 10000) in paragraph at lines 190--199

 []


Underfull \hbox (badness 10000) in paragraph at lines 190--199

 []


Underfull \hbox (badness 10000) in paragraph at lines 190--199

 []


Underfull \hbox (badness 10000) in paragraph at lines 190--199

 []


Overfull \hbox (20.25865pt too wide) in paragraph at lines 190--199
\OT1/cmr/m/n/10.95 (\OML/cmm/m/it/10.95 define\OT1/cmr/m/n/10.95 (\OML/cmm/m/it
/10.95 procesox\OT1/cmr/m/n/10.95 )(\OML/cmm/m/it/10.95 if\OT1/cmr/m/n/10.95 (\
OML/cmm/m/it/10.95 equal\OT1/cmr/m/n/10.95 ?\OML/cmm/m/it/10.95 f\OT1/cmr/m/n/1
0.95 (\OML/cmm/m/it/10.95 equal\OT1/cmr/m/n/10.95 ?(\OML/cmm/m/it/10.95 cdrx\OT
1/cmr/m/n/10.95 )\OML/cmm/m/it/10.95 null\OT1/cmr/m/n/10.95 ))(\OML/cmm/m/it/10
.95 if\OT1/cmr/m/n/10.95 (\OML/cmm/m/it/10.95 equal\OT1/cmr/m/n/10.95 ?(\OML/cm
m/m/it/10.95 cdr\OT1/cmr/m/n/10.95 (\OML/cmm/m/it/10.95 carx\OT1/cmr/m/n/10.95 
))(\OML/cmm/m/it/10.95 car\OT1/cmr/m/n/10.95 (\OML/cmm/m/it/10.95 car\OT1/cmr/m
/n/10.95 (\OML/cmm/m/it/10.95 cdrx\OT1/cmr/m/n/10.95 ))))(\OML/cmm/m/it/10.95 p
roceso\OT1/cmr/m/n/10.95 (\OML/cmm/m/it/10.95 list \OMS/cmsy/m/n/10.95 
 []

[5 <./imagenes/008.png> <./imagenes/009.png> <./imagenes/010.png>]

! LaTeX Error: There's no line here to end.

See the LaTeX manual or LaTeX Companion for explanation.
Type  H <return>  for immediate help.
 ...                                              
                                                  
l.201 \\\\
          
Your command was ignored.
Type  I <command> <return>  to replace it with another command,
or  <return>  to continue without it.


! LaTeX Error: There's no line here to end.

See the LaTeX manual or LaTeX Companion for explanation.
Type  H <return>  for immediate help.
 ...                                              
                                                  
l.202 F
       inalmente con éstas últimas funciones es posible diseñar un grafo cíc...

Your command was ignored.
Type  I <command> <return>  to replace it with another command,
or  <return>  to continue without it.


Underfull \hbox (badness 10000) in paragraph at lines 205--212

 []


Underfull \hbox (badness 10000) in paragraph at lines 205--212

 []


Underfull \hbox (badness 10000) in paragraph at lines 205--212

 []


Overfull \hbox (4.46729pt too wide) in paragraph at lines 218--219
[]\OT1/cmr/m/n/10.95 Mas so-bre Rac-ket y DrRac-ket: https://es.slideshare.net
/JoseHernandezMoya/introduccin-a-dr-racket
 []

<imagenes/001.png, id=31, 846.91406pt x 375.65344pt>
File: imagenes/001.png Graphic file (type png)
 <use imagenes/001.png>
Package pdftex.def Info: imagenes/001.png used on input line 228.
(pdftex.def)             Requested size: 512.1496pt x 227.17644pt.

Overfull \hbox (11.6656pt too wide) in paragraph at lines 228--229
 [][] 
 []

[6] [7 <./imagenes/001.png>] ("Lenguaje en Racket.aux"
LaTeX Info: Redefining \. on input line 6.
LaTeX Info: Redefining \% on input line 6.
) ) 
Here is how much of TeX's memory you used:
 3791 strings out of 493333
 50666 string characters out of 3139188
 129575 words of memory out of 3000000
 7250 multiletter control sequences out of 15000+200000
 12392 words of font info for 48 fonts, out of 3000000 for 9000
 1141 hyphenation exceptions out of 8191
 39i,7n,30p,750b,384s stack positions out of 5000i,500n,10000p,200000b,50000s
<C:/Program Files/MiKTeX 2.9/fonts/type1/public/amsfonts/cm/cmbx12.pfb><C:/P
rogram Files/MiKTeX 2.9/fonts/type1/public/amsfonts/cm/cmmi10.pfb><C:/Program F
iles/MiKTeX 2.9/fonts/type1/public/amsfonts/cm/cmr10.pfb><C:/Program Files/MiKT
eX 2.9/fonts/type1/public/amsfonts/cm/cmr12.pfb><C:/Program Files/MiKTeX 2.9/fo
nts/type1/public/amsfonts/cm/cmr17.pfb><C:/Program Files/MiKTeX 2.9/fonts/type1
/public/amsfonts/cm/cmsy10.pfb>
Output written on "Lenguaje en Racket.pdf" (7 pages, 125395 bytes).
PDF statistics:
 59 PDF objects out of 1000 (max. 8388607)
 0 named destinations out of 1000 (max. 500000)
 46 words of extra memory for PDF output out of 10000 (max. 10000000)

